<?xml version="1.0" encoding="UTF-8"?>
<!-- Generated by org.testng.reporters.JUnitXMLReporter -->
<testsuite hostname="LAPTOP-2BBC8N4P" ignored="0" name="Regression" tests="3" failures="0" timestamp="2021-01-18T13:48:19 CST" time="27.739" errors="0">
  <testcase name="@BeforeMethod setup" time="13.051" classname="com.crm.qa.testcases.LoginPageTest">
    <failure type="org.openqa.selenium.SessionNotCreatedException" message="session not created
from chrome not reachable
  (Session info: chrome=87.0.4280.141)
Build info: version: &amp;apos;3.141.59&amp;apos;, revision: &amp;apos;e82be7d358&amp;apos;, time: &amp;apos;2018-11-14T08:25:48&amp;apos;
System info: host: &amp;apos;LAPTOP-2BBC8N4P&amp;apos;, ip: &amp;apos;192.168.254.191&amp;apos;, os.name: &amp;apos;Windows 10&amp;apos;, os.arch: &amp;apos;amd64&amp;apos;, os.version: &amp;apos;10.0&amp;apos;, java.version: &amp;apos;1.8.0_221&amp;apos;
Driver info: driver.version: ChromeDriver
remote stacktrace: Backtrace:
	Ordinal0 [0x0088C0C3+3326147]
	Ordinal0 [0x00770851+2164817]
	Ordinal0 [0x005F7140+618816]
	Ordinal0 [0x005ED404+578564]
	Ordinal0 [0x005EDACB+580299]
	Ordinal0 [0x005EED35+585013]
	Ordinal0 [0x005E9D61+564577]
	Ordinal0 [0x005F82C0+623296]
	Ordinal0 [0x00596BDD+224221]
	Ordinal0 [0x00595CAC+220332]
	Ordinal0 [0x0059189B+202907]
	Ordinal0 [0x00573DF4+81396]
	Ordinal0 [0x00574DEE+85486]
	Ordinal0 [0x00574D79+85369]
	Ordinal0 [0x007885DC+2262492]
	GetHandleVerifier [0x00A12874+1487204]
	GetHandleVerifier [0x00A123CD+1486013]
	GetHandleVerifier [0x00A1A368+1518680]
	GetHandleVerifier [0x00A12F4E+1488958]
	Ordinal0 [0x0077ED0D+2223373]
	Ordinal0 [0x0078A12B+2269483]
	Ordinal0 [0x0078A26F+2269807]
	Ordinal0 [0x0079ECB8+2354360]
	BaseThreadInitThunk [0x75EE6359+25]
	RtlGetAppContainerNamedObjectPath [0x77378944+228]
	RtlGetAppContainerNamedObjectPath [0x77378914+180]
">
      <![CDATA[org.openqa.selenium.SessionNotCreatedException: session not created
from chrome not reachable
  (Session info: chrome=87.0.4280.141)
Build info: version: '3.141.59', revision: 'e82be7d358', time: '2018-11-14T08:25:48'
System info: host: 'LAPTOP-2BBC8N4P', ip: '192.168.254.191', os.name: 'Windows 10', os.arch: 'amd64', os.version: '10.0', java.version: '1.8.0_221'
Driver info: driver.version: ChromeDriver
remote stacktrace: Backtrace:
Ordinal0 [0x0088C0C3+3326147]
Ordinal0 [0x00770851+2164817]
Ordinal0 [0x005F7140+618816]
Ordinal0 [0x005ED404+578564]
Ordinal0 [0x005EDACB+580299]
Ordinal0 [0x005EED35+585013]
Ordinal0 [0x005E9D61+564577]
Ordinal0 [0x005F82C0+623296]
Ordinal0 [0x00596BDD+224221]
Ordinal0 [0x00595CAC+220332]
Ordinal0 [0x0059189B+202907]
Ordinal0 [0x00573DF4+81396]
Ordinal0 [0x00574DEE+85486]
Ordinal0 [0x00574D79+85369]
Ordinal0 [0x007885DC+2262492]
GetHandleVerifier [0x00A12874+1487204]
GetHandleVerifier [0x00A123CD+1486013]
GetHandleVerifier [0x00A1A368+1518680]
GetHandleVerifier [0x00A12F4E+1488958]
Ordinal0 [0x0077ED0D+2223373]
Ordinal0 [0x0078A12B+2269483]
Ordinal0 [0x0078A26F+2269807]
Ordinal0 [0x0079ECB8+2354360]
BaseThreadInitThunk [0x75EE6359+25]
RtlGetAppContainerNamedObjectPath [0x77378944+228]
RtlGetAppContainerNamedObjectPath [0x77378914+180]

at org.openqa.selenium.remote.W3CHandshakeResponse.lambda$errorHandler$0(W3CHandshakeResponse.java:62)
at org.openqa.selenium.remote.HandshakeResponse.lambda$getResponseFunction$0(HandshakeResponse.java:30)
at org.openqa.selenium.remote.ProtocolHandshake.lambda$createSession$0(ProtocolHandshake.java:126)
at java.util.stream.ReferencePipeline$3$1.accept(ReferencePipeline.java:193)
at java.util.Spliterators$ArraySpliterator.tryAdvance(Spliterators.java:958)
at java.util.stream.ReferencePipeline.forEachWithCancel(ReferencePipeline.java:126)
at java.util.stream.AbstractPipeline.copyIntoWithCancel(AbstractPipeline.java:499)
at java.util.stream.AbstractPipeline.copyInto(AbstractPipeline.java:486)
at java.util.stream.AbstractPipeline.wrapAndCopyInto(AbstractPipeline.java:472)
at java.util.stream.FindOps$FindOp.evaluateSequential(FindOps.java:152)
at java.util.stream.AbstractPipeline.evaluate(AbstractPipeline.java:234)
at java.util.stream.ReferencePipeline.findFirst(ReferencePipeline.java:464)
at org.openqa.selenium.remote.ProtocolHandshake.createSession(ProtocolHandshake.java:128)
at org.openqa.selenium.remote.ProtocolHandshake.createSession(ProtocolHandshake.java:74)
at org.openqa.selenium.remote.HttpCommandExecutor.execute(HttpCommandExecutor.java:136)
at org.openqa.selenium.remote.service.DriverCommandExecutor.execute(DriverCommandExecutor.java:83)
at org.openqa.selenium.remote.RemoteWebDriver.execute(RemoteWebDriver.java:552)
at org.openqa.selenium.remote.RemoteWebDriver.startSession(RemoteWebDriver.java:213)
at org.openqa.selenium.remote.RemoteWebDriver.<init>(RemoteWebDriver.java:131)
at org.openqa.selenium.chrome.ChromeDriver.<init>(ChromeDriver.java:181)
at org.openqa.selenium.chrome.ChromeDriver.<init>(ChromeDriver.java:168)
at org.openqa.selenium.chrome.ChromeDriver.<init>(ChromeDriver.java:123)
at com.crm.qa.base.TestBase.intialization(TestBase.java:41)
at com.crm.qa.testcases.LoginPageTest.setup(LoginPageTest.java:26)
at java.util.ArrayList.forEach(ArrayList.java:1257)
... Removed 35 stack frames]]>
    </failure>
  </testcase> <!-- @BeforeMethod setup -->
  <testcase name="@AfterMethod tearDown" time="-1.610999291869E9" classname="com.crm.qa.testcases.LoginPageTest">
    <skipped/>
  </testcase> <!-- @AfterMethod tearDown -->
  <testcase name="validateLoginPageTitleTest" time="0.017" classname="com.crm.qa.testcases.LoginPageTest"/>
  <testcase name="loginTest" time="0.0" classname="com.crm.qa.testcases.LoginPageTest">
    <skipped/>
  </testcase> <!-- loginTest -->
  <testcase name="validateHomePageTitleTest" time="0.01" classname="com.crm.qa.testcases.HomePageTest"/>
</testsuite> <!-- Regression -->
